07/03/2023 18:57:33 - root - INFO - Selected mode [1]. Starting generate password
07/03/2023 19:46:29 - root - INFO - Selected mode []. Starting generate password
07/03/2023 19:47:27 - root - INFO - Selected mode [1]. Starting generate password
07/03/2023 19:47:33 - root - INFO - Selected mode [2]. Starting generate password
07/03/2023 19:48:57 - root - INFO - Selected mode [1]. Starting generate password
07/03/2023 19:52:32 - root - INFO - Selected mode [1]. Starting generate password
07/03/2023 20:00:10 - root - INFO - Selected mode [1]. Starting generate password
07/03/2023 20:00:24 - root - INFO - Selected mode [2]. Starting generate password
07/03/2023 20:07:15 - root - INFO - Selected mode [3]. Starting generate password
07/03/2023 20:22:36 - root - INFO - Selected mode [4]. Starting generate password
07/03/2023 20:22:51 - root - INFO - Selected mode [4]. Starting generate password
07/03/2023 20:22:56 - root - INFO - Selected mode [4]. Starting generate password
07/03/2023 20:25:41 - root - INFO - Selected mode [2]. Starting generate password
07/03/2023 20:25:47 - root - INFO - Selected mode [2]. Starting generate password
07/03/2023 20:26:44 - root - INFO - Selected mode [4]. Starting generate password
07/03/2023 20:26:46 - root - INFO - Selected mode [4]. Starting generate password
07/03/2023 20:26:48 - root - INFO - Selected mode [4]. Starting generate password
07/03/2023 20:26:50 - root - INFO - Selected mode [4]. Starting generate password
07/03/2023 20:26:51 - root - INFO - Selected mode [4]. Starting generate password
07/03/2023 20:26:53 - root - INFO - Selected mode [4]. Starting generate password
07/03/2023 20:26:55 - root - INFO - Selected mode [4]. Starting generate password
07/03/2023 20:27:05 - root - INFO - Selected mode [4]. Starting generate password
07/03/2023 20:27:33 - root - INFO - Selected mode [4]. Starting generate password
07/03/2023 20:27:50 - root - INFO - Selected mode [4]. Starting generate password
07/03/2023 20:28:17 - root - INFO - Selected mode [3]. Starting generate password
07/03/2023 20:28:19 - root - INFO - Selected mode [4]. Starting generate password
07/03/2023 20:31:05 - root - INFO - Selected mode [4]. Starting generate password
07/03/2023 20:31:49 - root - INFO - Selected mode [4]. Starting generate password
07/03/2023 20:33:41 - root - INFO - Selected mode [4]. Starting generate password
07/03/2023 20:33:45 - root - INFO - Selected mode [1]. Starting generate password
07/03/2023 20:34:28 - root - INFO - Selected mode [4]. Starting generate password
07/03/2023 20:34:31 - root - INFO - Selected mode [1]. Starting generate password
07/03/2023 20:34:39 - root - INFO - Selected mode [4]. Starting generate password
07/03/2023 20:34:43 - root - INFO - Selected mode [1]. Starting generate password
07/03/2023 20:48:16 - root - INFO - Selected mode [4]. Starting generate password
07/03/2023 20:48:21 - root - INFO - Selected mode [1]. Starting generate password
07/03/2023 21:28:06 - root - INFO - startas
07/03/2023 21:29:05 - root - INFO - Someone starting program with 2 mode
07/03/2023 21:30:54 - root - INFO - Someone try generate password with 1 mode
07/03/2023 21:32:02 - root - ERROR - ValueError. Trying out of range by modes 6
07/03/2023 21:32:07 - root - INFO - Someone try generate password with 1 mode
07/03/2023 21:33:42 - root - INFO - Select is out of range 6
07/03/2023 21:33:43 - root - INFO - Someone try generate password with 1 mode
07/03/2023 21:36:08 - root - ERROR - ValueError. Trying input not integer
07/03/2023 21:36:09 - root - ERROR - ValueError. Trying input not integer
07/03/2023 21:36:09 - root - ERROR - ValueError. Trying input not integer
07/03/2023 21:36:31 - root - ERROR - ValueError. Trying input not integer
07/03/2023 21:36:34 - root - ERROR - ValueError by selecting mode. Trying input not integer
07/03/2023 21:36:34 - root - ERROR - ValueError by selecting mode. Trying input not integer
07/03/2023 21:36:35 - root - ERROR - ValueError by selecting mode. Trying input not integer
07/03/2023 21:37:05 - root - ERROR - Select is out of range. Range is 1-4
07/03/2023 21:37:06 - root - ERROR - ValueError by selecting mode. Trying input not integer
07/03/2023 21:37:56 - root - ERROR - Bad password lenght
07/03/2023 21:38:56 - root - ERROR - Bad passworod lenght. Minimum lenght is 8
07/03/2023 21:38:57 - root - ERROR - Bad passworod lenght. Minimum lenght is 8
07/03/2023 21:38:59 - root - ERROR - Bad passworod lenght. Minimum lenght is 8
07/03/2023 21:39:32 - root - ERROR - ValueError by inputing password lenght
07/03/2023 21:39:35 - root - ERROR - ValueError by inputing password lenght
07/03/2023 21:39:36 - root - ERROR - Bad passworod lenght. Minimum lenght is 8
07/03/2023 21:47:30 - root - ERROR - Select is out of range. Range is 1-4
07/03/2023 21:47:36 - root - ERROR - Bad passworod lenght. Minimum lenght is 8
07/03/2023 22:56:57 - root - ERROR - Select is out of range. Range is 1-4
07/03/2023 22:56:58 - root - ERROR - Select is out of range. Range is 1-4
07/03/2023 22:57:04 - root - ERROR - ValueError by selecting mode. Trying input not integer
07/03/2023 22:57:09 - root - ERROR - Select is out of range. Range is 1-4
07/03/2023 22:57:11 - root - ERROR - ValueError by selecting mode. Trying input not integer
07/03/2023 22:57:17 - root - ERROR - ValueError by selecting mode. Trying input not integer
07/03/2023 22:57:22 - root - ERROR - ValueError by inputing password lenght
07/03/2023 22:57:23 - root - ERROR - Bad passworod lenght. Minimum lenght is 8
07/03/2023 22:57:25 - root - ERROR - Bad passworod lenght. Minimum lenght is 8
07/03/2023 22:57:27 - root - ERROR - ValueError by inputing password lenght
07/03/2023 22:57:28 - root - ERROR - ValueError by inputing password lenght
07/03/2023 22:57:30 - root - ERROR - Bad passworod lenght. Minimum lenght is 8
08/03/2023 15:37:28 - root - ERROR - Bad passworod lenght. Minimum lenght is 8
08/03/2023 15:37:30 - root - ERROR - Bad passworod lenght. Minimum lenght is 8
08/03/2023 15:43:00 - root - ERROR - Bad passworod lenght. Minimum lenght is 8
